This is XeTeX, Version 3.141592653-2.6-0.999995 (MiKTeX 24.1) (preloaded format=xelatex 2024.10.10)  3 NOV 2024 22:58
entering extended mode
 restricted \write18 enabled.
 %&-line parsing enabled.
**./Chinese.tex
(Chinese.tex
LaTeX2e <2023-11-01> patch level 1
L3 programming layer <2024-01-04>
(preamble.tex (D:\LaTex\tex/latex/base\article.cls
Document Class: article 2023/05/17 v1.4n Standard LaTeX document class
(D:\LaTex\tex/latex/base\size10.clo
File: size10.clo 2023/05/17 v1.4n Standard LaTeX file (size option)
)
\c@part=\count183
\c@section=\count184
\c@subsection=\count185
\c@subsubsection=\count186
\c@paragraph=\count187
\c@subparagraph=\count188
\c@figure=\count189
\c@table=\count190
\abovecaptionskip=\skip48
\belowcaptionskip=\skip49
\bibindent=\dimen140
) (D:\LaTex\tex/latex/cmap\cmap.sty
Package: cmap 2021/02/06 v1.0j CMap support: searchable PDF


Package cmap Warning: pdftex not detected - exiting.

) (D:\LaTex\tex/latex/graphics\graphicx.sty
Package: graphicx 2021/09/16 v1.2d Enhanced LaTeX Graphics (DPC,SPQR)

(D:\LaTex\tex/latex/graphics\keyval.sty
Package: keyval 2022/05/29 v1.15 key=value parser (DPC)
\KV@toks@=\toks17
)
(D:\LaTex\tex/latex/graphics\graphics.sty
Package: graphics 2022/03/10 v1.4e Standard LaTeX Graphics (DPC,SPQR)
 (D:\LaTex\tex/latex/graphics\trig.sty
Package: trig 2021/08/11 v1.11 sin cos tan (DPC)
) (D:\LaTex\tex/latex/graphics-cfg\graphics.cfg
File: graphics.cfg 2016/06/04 v1.11 sample graphics configuration
)
Package graphics Info: Driver file: xetex.def on input line 107.

(D:\LaTex\tex/latex/graphics-def\xetex.def
File: xetex.def 2022/09/22 v5.0n Graphics/color driver for xetex
))
\Gin@req@height=\dimen141
\Gin@req@width=\dimen142
)
(D:\LaTex\tex/generic/iftex\ifpdf.sty
Package: ifpdf 2019/10/25 v3.4 ifpdf legacy package. Use iftex instead.
 (D:\LaTex\tex/generic/iftex\iftex.sty
Package: iftex 2022/02/03 v1.0f TeX engine tests
))
(D:\LaTex\tex/latex/mla-paper\mla.sty
Package: mla 

MLA Package - by Ryan Aycock
(D:\LaTex\tex/latex/psnfss\times.sty
Package: times 2020/03/25 PSNFSS-v9.3 (SPQR) 
) (D:\LaTex\tex/latex/fancyhdr\fancyhdr.sty
Package: fancyhdr 2024/07/23 v4.3.1 Extensive control of page headers and foote
rs
\f@nch@headwidth=\skip50
\f@nch@O@elh=\skip51
\f@nch@O@erh=\skip52
\f@nch@O@olh=\skip53
\f@nch@O@orh=\skip54
\f@nch@O@elf=\skip55
\f@nch@O@erf=\skip56
\f@nch@O@olf=\skip57
\f@nch@O@orf=\skip58
)) (D:\LaTex\tex/latex/geometry\geometry.sty
Package: geometry 2020/01/02 v5.9 Page Geometry

(D:\LaTex\tex/generic/iftex\ifvtex.sty
Package: ifvtex 2019/10/25 v1.7 ifvtex legacy package. Use iftex instead.
)
\Gm@cnth=\count191
\Gm@cntv=\count192
\c@Gm@tempcnt=\count193
\Gm@bindingoffset=\dimen143
\Gm@wd@mp=\dimen144
\Gm@odd@mp=\dimen145
\Gm@even@mp=\dimen146
\Gm@layoutwidth=\dimen147
\Gm@layoutheight=\dimen148
\Gm@layouthoffset=\dimen149
\Gm@layoutvoffset=\dimen150
\Gm@dimlist=\toks18

(D:\LaTex\tex/latex/geometry\geometry.cfg))
(D:\LaTex\tex/latex/setspace\setspace.sty
Package: setspace 2022/12/04 v6.7b set line spacing
)
(D:\LaTex\tex/latex/enumitem\enumitem.sty
Package: enumitem 2019/06/20 v3.9 Customized lists
\labelindent=\skip59
\enit@outerparindent=\dimen151
\enit@toks=\toks19
\enit@inbox=\box51
\enit@count@id=\count194
\enitdp@description=\count195
)
(D:\LaTex\tex/latex/droid\droidserif.sty
Package: droidserif 2019/06/20 Style file for Droid Serif.

(D:\LaTex\tex/generic/iftex\ifluatex.sty
Package: ifluatex 2019/10/25 v1.5 ifluatex legacy package. Use iftex instead.
)
(D:\LaTex\tex/generic/iftex\ifxetex.sty
Package: ifxetex 2019/10/25 v0.7 ifxetex legacy package. Use iftex instead.
)
(D:\LaTex\tex/latex/xkeyval\xkeyval.sty
Package: xkeyval 2022/06/16 v2.9 package option processing (HA)

(D:\LaTex\tex/generic/xkeyval\xkeyval.tex
(D:\LaTex\tex/generic/xkeyval\xkvutils.tex
\XKV@toks=\toks20
\XKV@tempa@toks=\toks21
)
\XKV@depth=\count196
File: xkeyval.tex 2014/12/03 v2.7a key=value parser (HA)
))
(D:\LaTex\tex/latex/fontspec\fontspec.sty
(D:\LaTex\tex/latex/l3packages/xparse\xparse.sty
(D:\LaTex\tex/latex/l3kernel\expl3.sty
Package: expl3 2024-01-04 L3 programming layer (loader) 

(D:\LaTex\tex/latex/l3backend\l3backend-xetex.def
File: l3backend-xetex.def 2024-01-04 L3 backend support: XeTeX
\g__graphics_track_int=\count197
\l__pdf_internal_box=\box52
\g__pdf_backend_object_int=\count198
\g__pdf_backend_annotation_int=\count199
\g__pdf_backend_link_int=\count266
))
Package: xparse 2023-10-10 L3 Experimental document command parser
)
Package: fontspec 2022/01/15 v2.8a Font selection for XeLaTeX and LuaLaTeX

(D:\LaTex\tex/latex/fontspec\fontspec-xetex.sty
Package: fontspec-xetex 2022/01/15 v2.8a Font selection for XeLaTeX and LuaLaTe
X
\l__fontspec_script_int=\count267
\l__fontspec_language_int=\count268
\l__fontspec_strnum_int=\count269
\l__fontspec_tmp_int=\count270
\l__fontspec_tmpa_int=\count271
\l__fontspec_tmpb_int=\count272
\l__fontspec_tmpc_int=\count273
\l__fontspec_em_int=\count274
\l__fontspec_emdef_int=\count275
\l__fontspec_strong_int=\count276
\l__fontspec_strongdef_int=\count277
\l__fontspec_tmpa_dim=\dimen152
\l__fontspec_tmpb_dim=\dimen153
\l__fontspec_tmpc_dim=\dimen154

(D:\LaTex\tex/latex/base\fontenc.sty
Package: fontenc 2021/04/29 v2.0v Standard LaTeX package
) (D:\LaTex\tex/latex/fontspec\fontspec.cfg)))
Requested font "[DroidSerif-Regular.ttf]/OT" at 9.99997pt
 -> D:/LaTex/fonts/truetype/ascender/droid/droidserif/DroidSerif-Regular.ttf
Requested font "[DroidSerif-Regular.ttf]/OT" at 10.00003pt
 -> D:/LaTex/fonts/truetype/ascender/droid/droidserif/DroidSerif-Regular.ttf
Requested font "[DroidSerif-Italic.ttf]/OT:script=latn;language=dflt;" at 10.00
003pt
 -> D:/LaTex/fonts/truetype/ascender/droid/droidserif/DroidSerif-Italic.ttf
Requested font "[DroidSerif-Bold.ttf]/OT:script=latn;language=dflt;" at 10.0000
3pt
 -> D:/LaTex/fonts/truetype/ascender/droid/droidserif/DroidSerif-Bold.ttf
Requested font "[DroidSerif-BoldItalic.ttf]/OT:script=latn;language=dflt;" at 1
0.00003pt
 -> D:/LaTex/fonts/truetype/ascender/droid/droidserif/DroidSerif-BoldItalic.ttf
Requested font "[DroidSerif-Regular.ttf]/OT:script=latn;language=dflt;" at 10.0
0003pt
 -> D:/LaTex/fonts/truetype/ascender/droid/droidserif/DroidSerif-Regular.ttf

Package fontspec Info: Font family 'droidserif' created for font 'DroidSerif'
(fontspec)             with options
(fontspec)             [Extension=.ttf,Ligatures=TeX,Scale=1,UprightFont={*-Reg
ular},ItalicFont={*-Italic},SlantedFont={*-Regular},SlantedFeatures={FakeSlant=
0.213},FontFace={m}{ui}{Font=*-Italic,FakeSlant=-0.213},FontFace={b}{n}{*-Bold}
,FontFace={b}{it}{*-BoldItalic},FontFace={b}{sl}{Font=*-Bold,FakeSlant=0.213},F
ontFace={b}{ui}{Font=*-BoldItalic,FakeSlant=-0.213},BoldFont={*-Bold},BoldItali
cFont={*-BoldItalic},BoldSlantedFont={*-Bold},BoldSlantedFeatures={FakeSlant=0.
213},FontFace={bx}{ui}{Font=*-BoldItalic,FakeSlant=-0.213},NFSSFamily=droidseri
f].
(fontspec)              
(fontspec)              This font family consists of the following NFSS
(fontspec)             series/shapes:
(fontspec)              
(fontspec)             - (m/ui) with NFSS spec.:
(fontspec)             <->s*[1]"[DroidSerif-Italic.ttf]/OT:script=latn;language
=dflt;slant=-0.213;mapping=tex-text;"
(fontspec)             -  (m/scui) with NFSS spec.: 
(fontspec)             - 'bold' (b/n) with NFSS spec.:
(fontspec)             <->s*[1]"[DroidSerif-Bold.ttf]/OT:script=latn;language=d
flt;mapping=tex-text;"
(fontspec)             - 'bold small caps'  (b/sc) with NFSS spec.: 
(fontspec)             - 'bold italic' (b/it) with NFSS spec.:
(fontspec)             <->s*[1]"[DroidSerif-BoldItalic.ttf]/OT:script=latn;lang
uage=dflt;mapping=tex-text;"
(fontspec)             - 'bold italic small caps'  (b/scit) with NFSS spec.: 
(fontspec)             - 'bold slanted' (b/sl) with NFSS spec.:
(fontspec)             <->s*[1]"[DroidSerif-Bold.ttf]/OT:script=latn;language=d
flt;slant=0.213;mapping=tex-text;"
(fontspec)             - 'bold slanted small caps'  (b/scsl) with NFSS spec.: 
(fontspec)             - (b/ui) with NFSS spec.:
(fontspec)             <->s*[1]"[DroidSerif-BoldItalic.ttf]/OT:script=latn;lang
uage=dflt;slant=-0.213;mapping=tex-text;"
(fontspec)             -  (b/scui) with NFSS spec.: 
(fontspec)             - (bx/ui) with NFSS spec.:
(fontspec)             <->s*[1]"[DroidSerif-BoldItalic.ttf]/OT:script=latn;lang
uage=dflt;slant=-0.213;mapping=tex-text;"
(fontspec)             -  (bx/scui) with NFSS spec.: 
(fontspec)             - 'normal' (m/n) with NFSS spec.:
(fontspec)             <->s*[1]"[DroidSerif-Regular.ttf]/OT:script=latn;languag
e=dflt;mapping=tex-text;"
(fontspec)             - 'small caps'  (m/sc) with NFSS spec.: 
(fontspec)             - 'italic' (m/it) with NFSS spec.:
(fontspec)             <->s*[1]"[DroidSerif-Italic.ttf]/OT:script=latn;language
=dflt;mapping=tex-text;"
(fontspec)             - 'italic small caps'  (m/scit) with NFSS spec.: 
(fontspec)             - 'slanted' (m/sl) with NFSS spec.:
(fontspec)             <->s*[1]"[DroidSerif-Regular.ttf]/OT:script=latn;languag
e=dflt;slant=0.213;mapping=tex-text;"
(fontspec)             - 'slanted small caps'  (m/scsl) with NFSS spec.: 


Package fontspec Info: Font family 'fdr' created for font 'DroidSerif' with
(fontspec)             options
(fontspec)             [Extension=.ttf,Ligatures=TeX,Scale=1,UprightFont={*-Reg
ular},ItalicFont={*-Italic},SlantedFont={*-Regular},SlantedFeatures={FakeSlant=
0.213},FontFace={m}{ui}{Font=*-Italic,FakeSlant=-0.213},FontFace={b}{n}{*-Bold}
,FontFace={b}{it}{*-BoldItalic},FontFace={b}{sl}{Font=*-Bold,FakeSlant=0.213},F
ontFace={b}{ui}{Font=*-BoldItalic,FakeSlant=-0.213},BoldFont={*-Bold},BoldItali
cFont={*-BoldItalic},BoldSlantedFont={*-Bold},BoldSlantedFeatures={FakeSlant=0.
213},FontFace={bx}{ui}{Font=*-BoldItalic,FakeSlant=-0.213},NFSSFamily=fdr].
(fontspec)              
(fontspec)              This font family consists of the following NFSS
(fontspec)             series/shapes:
(fontspec)              
(fontspec)             - (m/ui) with NFSS spec.:
(fontspec)             <->s*[1]"[DroidSerif-Italic.ttf]/OT:script=latn;language
=dflt;slant=-0.213;mapping=tex-text;"
(fontspec)             -  (m/scui) with NFSS spec.: 
(fontspec)             - 'bold' (b/n) with NFSS spec.:
(fontspec)             <->s*[1]"[DroidSerif-Bold.ttf]/OT:script=latn;language=d
flt;mapping=tex-text;"
(fontspec)             - 'bold small caps'  (b/sc) with NFSS spec.: 
(fontspec)             - 'bold italic' (b/it) with NFSS spec.:
(fontspec)             <->s*[1]"[DroidSerif-BoldItalic.ttf]/OT:script=latn;lang
uage=dflt;mapping=tex-text;"
(fontspec)             - 'bold italic small caps'  (b/scit) with NFSS spec.: 
(fontspec)             - 'bold slanted' (b/sl) with NFSS spec.:
(fontspec)             <->s*[1]"[DroidSerif-Bold.ttf]/OT:script=latn;language=d
flt;slant=0.213;mapping=tex-text;"
(fontspec)             - 'bold slanted small caps'  (b/scsl) with NFSS spec.: 
(fontspec)             - (b/ui) with NFSS spec.:
(fontspec)             <->s*[1]"[DroidSerif-BoldItalic.ttf]/OT:script=latn;lang
uage=dflt;slant=-0.213;mapping=tex-text;"
(fontspec)             -  (b/scui) with NFSS spec.: 
(fontspec)             - (bx/ui) with NFSS spec.:
(fontspec)             <->s*[1]"[DroidSerif-BoldItalic.ttf]/OT:script=latn;lang
uage=dflt;slant=-0.213;mapping=tex-text;"
(fontspec)             -  (bx/scui) with NFSS spec.: 
(fontspec)             - 'normal' (m/n) with NFSS spec.:
(fontspec)             <->s*[1]"[DroidSerif-Regular.ttf]/OT:script=latn;languag
e=dflt;mapping=tex-text;"
(fontspec)             - 'small caps'  (m/sc) with NFSS spec.: 
(fontspec)             - 'italic' (m/it) with NFSS spec.:
(fontspec)             <->s*[1]"[DroidSerif-Italic.ttf]/OT:script=latn;language
=dflt;mapping=tex-text;"
(fontspec)             - 'italic small caps'  (m/scit) with NFSS spec.: 
(fontspec)             - 'slanted' (m/sl) with NFSS spec.:
(fontspec)             <->s*[1]"[DroidSerif-Regular.ttf]/OT:script=latn;languag
e=dflt;slant=0.213;mapping=tex-text;"
(fontspec)             - 'slanted small caps'  (m/scsl) with NFSS spec.: 


Package fontspec Info: Font family 'DroidSerif(0)' created for font
(fontspec)             'DroidSerif' with options
(fontspec)             [Ligatures=TeX,Extension=.ttf,Ligatures=TeX,Scale=1,Upri
ghtFont={*-Regular},ItalicFont={*-Italic},SlantedFont={*-Regular},SlantedFeatur
es={FakeSlant=0.213},FontFace={m}{ui}{Font=*-Italic,FakeSlant=-0.213},FontFace=
{b}{n}{*-Bold},FontFace={b}{it}{*-BoldItalic},FontFace={b}{sl}{Font=*-Bold,Fake
Slant=0.213},FontFace={b}{ui}{Font=*-BoldItalic,FakeSlant=-0.213},BoldFont={*-B
old},BoldItalicFont={*-BoldItalic},BoldSlantedFont={*-Bold},BoldSlantedFeatures
={FakeSlant=0.213},FontFace={bx}{ui}{Font=*-BoldItalic,FakeSlant=-0.213}].
(fontspec)              
(fontspec)              This font family consists of the following NFSS
(fontspec)             series/shapes:
(fontspec)              
(fontspec)             - (m/ui) with NFSS spec.:
(fontspec)             <->s*[1]"[DroidSerif-Italic.ttf]/OT:script=latn;language
=dflt;slant=-0.213;mapping=tex-text;"
(fontspec)             -  (m/scui) with NFSS spec.: 
(fontspec)             - 'bold' (b/n) with NFSS spec.:
(fontspec)             <->s*[1]"[DroidSerif-Bold.ttf]/OT:script=latn;language=d
flt;mapping=tex-text;"
(fontspec)             - 'bold small caps'  (b/sc) with NFSS spec.: 
(fontspec)             - 'bold italic' (b/it) with NFSS spec.:
(fontspec)             <->s*[1]"[DroidSerif-BoldItalic.ttf]/OT:script=latn;lang
uage=dflt;mapping=tex-text;"
(fontspec)             - 'bold italic small caps'  (b/scit) with NFSS spec.: 
(fontspec)             - 'bold slanted' (b/sl) with NFSS spec.:
(fontspec)             <->s*[1]"[DroidSerif-Bold.ttf]/OT:script=latn;language=d
flt;slant=0.213;mapping=tex-text;"
(fontspec)             - 'bold slanted small caps'  (b/scsl) with NFSS spec.: 
(fontspec)             - (b/ui) with NFSS spec.:
(fontspec)             <->s*[1]"[DroidSerif-BoldItalic.ttf]/OT:script=latn;lang
uage=dflt;slant=-0.213;mapping=tex-text;"
(fontspec)             -  (b/scui) with NFSS spec.: 
(fontspec)             - (bx/ui) with NFSS spec.:
(fontspec)             <->s*[1]"[DroidSerif-BoldItalic.ttf]/OT:script=latn;lang
uage=dflt;slant=-0.213;mapping=tex-text;"
(fontspec)             -  (bx/scui) with NFSS spec.: 
(fontspec)             - 'normal' (m/n) with NFSS spec.:
(fontspec)             <->s*[1]"[DroidSerif-Regular.ttf]/OT:script=latn;languag
e=dflt;mapping=tex-text;"
(fontspec)             - 'small caps'  (m/sc) with NFSS spec.: 
(fontspec)             - 'italic' (m/it) with NFSS spec.:
(fontspec)             <->s*[1]"[DroidSerif-Italic.ttf]/OT:script=latn;language
=dflt;mapping=tex-text;"
(fontspec)             - 'italic small caps'  (m/scit) with NFSS spec.: 
(fontspec)             - 'slanted' (m/sl) with NFSS spec.:
(fontspec)             <->s*[1]"[DroidSerif-Regular.ttf]/OT:script=latn;languag
e=dflt;slant=0.213;mapping=tex-text;"
(fontspec)             - 'slanted small caps'  (m/scsl) with NFSS spec.: 

LaTeX Font Info:    Font shape `TU/DroidSerif(0)/m/n' will be
(Font)              scaled to size 10.0pt on input line 94.
Requested font "[DroidSerif-Regular.ttf]/OT:script=latn;language=dflt;mapping=t
ex-text;" at 10.0pt
 -> D:/LaTex/fonts/truetype/ascender/droid/droidserif/DroidSerif-Regular.ttf
) (D:\LaTex\tex/latex/droid\droidsans.sty
Package: droidsans 2019/06/20 Style file for Droid Sans.
Requested font "[DroidSans.ttf]/OT" at 9.99997pt
 -> D:/LaTex/fonts/truetype/ascender/droid/droidsans/DroidSans.ttf
Requested font "[DroidSans.ttf]/OT" at 10.00003pt
 -> D:/LaTex/fonts/truetype/ascender/droid/droidsans/DroidSans.ttf
Requested font "[DroidSans-Bold.ttf]/OT:script=latn;language=dflt;" at 10.00003
pt
 -> D:/LaTex/fonts/truetype/ascender/droid/droidsans/DroidSans-Bold.ttf
Requested font "[DroidSans.ttf]/OT:script=latn;language=dflt;" at 10.00003pt
 -> D:/LaTex/fonts/truetype/ascender/droid/droidsans/DroidSans.ttf

Package fontspec Info: Font family 'droidsans' created for font 'DroidSans'
(fontspec)             with options
(fontspec)             [Extension=.ttf,Ligatures=TeX,Scale=1,UprightFont={*},It
alicFont={*},ItalicFeatures={FakeSlant=0.213},FontFace={b}{n}{*-Bold},FontFace=
{b}{it}{Font=*-Bold,FakeSlant=0.213},BoldFont={*-Bold},BoldItalicFont={*-Bold},
BoldItalicFeatures={FakeSlant=0.213},NFSSFamily=droidsans].
(fontspec)              
(fontspec)              This font family consists of the following NFSS
(fontspec)             series/shapes:
(fontspec)              
(fontspec)             - 'bold' (b/n) with NFSS spec.:
(fontspec)             <->s*[1]"[DroidSans-Bold.ttf]/OT:script=latn;language=df
lt;mapping=tex-text;"
(fontspec)             - 'bold small caps'  (b/sc) with NFSS spec.: 
(fontspec)             - 'bold italic' (b/it) with NFSS spec.:
(fontspec)             <->s*[1]"[DroidSans-Bold.ttf]/OT:script=latn;language=df
lt;slant=0.213;mapping=tex-text;"
(fontspec)             - 'bold italic small caps'  (b/scit) with NFSS spec.: 
(fontspec)             - 'normal' (m/n) with NFSS spec.:
(fontspec)             <->s*[1]"[DroidSans.ttf]/OT:script=latn;language=dflt;ma
pping=tex-text;"
(fontspec)             - 'small caps'  (m/sc) with NFSS spec.: 
(fontspec)             - 'italic' (m/it) with NFSS spec.:
(fontspec)             <->s*[1]"[DroidSans.ttf]/OT:script=latn;language=dflt;sl
ant=0.213;mapping=tex-text;"
(fontspec)             - 'italic small caps'  (m/scit) with NFSS spec.: 


Package fontspec Info: Font family 'fds' created for font 'DroidSans' with
(fontspec)             options
(fontspec)             [Extension=.ttf,Ligatures=TeX,Scale=1,UprightFont={*},It
alicFont={*},ItalicFeatures={FakeSlant=0.213},FontFace={b}{n}{*-Bold},FontFace=
{b}{it}{Font=*-Bold,FakeSlant=0.213},BoldFont={*-Bold},BoldItalicFont={*-Bold},
BoldItalicFeatures={FakeSlant=0.213},NFSSFamily=fds].
(fontspec)              
(fontspec)              This font family consists of the following NFSS
(fontspec)             series/shapes:
(fontspec)              
(fontspec)             - 'bold' (b/n) with NFSS spec.:
(fontspec)             <->s*[1]"[DroidSans-Bold.ttf]/OT:script=latn;language=df
lt;mapping=tex-text;"
(fontspec)             - 'bold small caps'  (b/sc) with NFSS spec.: 
(fontspec)             - 'bold italic' (b/it) with NFSS spec.:
(fontspec)             <->s*[1]"[DroidSans-Bold.ttf]/OT:script=latn;language=df
lt;slant=0.213;mapping=tex-text;"
(fontspec)             - 'bold italic small caps'  (b/scit) with NFSS spec.: 
(fontspec)             - 'normal' (m/n) with NFSS spec.:
(fontspec)             <->s*[1]"[DroidSans.ttf]/OT:script=latn;language=dflt;ma
pping=tex-text;"
(fontspec)             - 'small caps'  (m/sc) with NFSS spec.: 
(fontspec)             - 'italic' (m/it) with NFSS spec.:
(fontspec)             <->s*[1]"[DroidSans.ttf]/OT:script=latn;language=dflt;sl
ant=0.213;mapping=tex-text;"
(fontspec)             - 'italic small caps'  (m/scit) with NFSS spec.: 


Package fontspec Info: Font family 'DroidSans(0)' created for font 'DroidSans'
(fontspec)             with options
(fontspec)             [Ligatures=TeX,Extension=.ttf,Ligatures=TeX,Scale=1,Upri
ghtFont={*},ItalicFont={*},ItalicFeatures={FakeSlant=0.213},FontFace={b}{n}{*-B
old},FontFace={b}{it}{Font=*-Bold,FakeSlant=0.213},BoldFont={*-Bold},BoldItalic
Font={*-Bold},BoldItalicFeatures={FakeSlant=0.213}].
(fontspec)              
(fontspec)              This font family consists of the following NFSS
(fontspec)             series/shapes:
(fontspec)              
(fontspec)             - 'bold' (b/n) with NFSS spec.:
(fontspec)             <->s*[1]"[DroidSans-Bold.ttf]/OT:script=latn;language=df
lt;mapping=tex-text;"
(fontspec)             - 'bold small caps'  (b/sc) with NFSS spec.: 
(fontspec)             - 'bold italic' (b/it) with NFSS spec.:
(fontspec)             <->s*[1]"[DroidSans-Bold.ttf]/OT:script=latn;language=df
lt;slant=0.213;mapping=tex-text;"
(fontspec)             - 'bold italic small caps'  (b/scit) with NFSS spec.: 
(fontspec)             - 'normal' (m/n) with NFSS spec.:
(fontspec)             <->s*[1]"[DroidSans.ttf]/OT:script=latn;language=dflt;ma
pping=tex-text;"
(fontspec)             - 'small caps'  (m/sc) with NFSS spec.: 
(fontspec)             - 'italic' (m/it) with NFSS spec.:
(fontspec)             <->s*[1]"[DroidSans.ttf]/OT:script=latn;language=dflt;sl
ant=0.213;mapping=tex-text;"
(fontspec)             - 'italic small caps'  (m/scit) with NFSS spec.: 

)
(D:\LaTex\tex/latex/tocloft\tocloft.sty
Package: tocloft 2017/08/31 v2.3i parameterised ToC, etc., typesetting
Package tocloft Info: The document has section divisions on input line 51.
\cftparskip=\skip60
\cftbeforetoctitleskip=\skip61
\cftaftertoctitleskip=\skip62
\cftbeforepartskip=\skip63
\cftpartnumwidth=\skip64
\cftpartindent=\skip65
\cftbeforesecskip=\skip66
\cftsecindent=\skip67
\cftsecnumwidth=\skip68
\cftbeforesubsecskip=\skip69
\cftsubsecindent=\skip70
\cftsubsecnumwidth=\skip71
\cftbeforesubsubsecskip=\skip72
\cftsubsubsecindent=\skip73
\cftsubsubsecnumwidth=\skip74
\cftbeforeparaskip=\skip75
\cftparaindent=\skip76
\cftparanumwidth=\skip77
\cftbeforesubparaskip=\skip78
\cftsubparaindent=\skip79
\cftsubparanumwidth=\skip80
\cftbeforeloftitleskip=\skip81
\cftafterloftitleskip=\skip82
\cftbeforefigskip=\skip83
\cftfigindent=\skip84
\cftfignumwidth=\skip85
\c@lofdepth=\count278
\c@lotdepth=\count279
\cftbeforelottitleskip=\skip86
\cftafterlottitleskip=\skip87
\cftbeforetabskip=\skip88
\cfttabindent=\skip89
\cfttabnumwidth=\skip90
)
(D:\LaTex\tex/latex/hyperref\hyperref.sty
Package: hyperref 2023-11-26 v7.01g Hypertext links for LaTeX

(D:\LaTex\tex/generic/infwarerr\infwarerr.sty
Package: infwarerr 2019/12/03 v1.5 Providing info/warning/error messages (HO)
)
(D:\LaTex\tex/latex/kvsetkeys\kvsetkeys.sty
Package: kvsetkeys 2022-10-05 v1.19 Key value parser (HO)
)
(D:\LaTex\tex/generic/kvdefinekeys\kvdefinekeys.sty
Package: kvdefinekeys 2019-12-19 v1.6 Define keys (HO)
)
(D:\LaTex\tex/generic/pdfescape\pdfescape.sty
Package: pdfescape 2019/12/09 v1.15 Implements pdfTeX's escape features (HO)

(D:\LaTex\tex/generic/ltxcmds\ltxcmds.sty
Package: ltxcmds 2023-12-04 v1.26 LaTeX kernel commands for general use (HO)
)
(D:\LaTex\tex/generic/pdftexcmds\pdftexcmds.sty
Package: pdftexcmds 2020-06-27 v0.33 Utility functions of pdfTeX for LuaTeX (HO
)
Package pdftexcmds Info: \pdf@primitive is available.
Package pdftexcmds Info: \pdf@ifprimitive is available.
Package pdftexcmds Info: \pdfdraftmode not found.
))
(D:\LaTex\tex/latex/hycolor\hycolor.sty
Package: hycolor 2020-01-27 v1.10 Color options for hyperref/bookmark (HO)
)
(D:\LaTex\tex/latex/letltxmacro\letltxmacro.sty
Package: letltxmacro 2019/12/03 v1.6 Let assignment for LaTeX macros (HO)
)
(D:\LaTex\tex/latex/auxhook\auxhook.sty
Package: auxhook 2019-12-17 v1.6 Hooks for auxiliary files (HO)
)
(D:\LaTex\tex/latex/hyperref\nameref.sty
Package: nameref 2023-11-26 v2.56 Cross-referencing by name of section

(D:\LaTex\tex/latex/refcount\refcount.sty
Package: refcount 2019/12/15 v3.6 Data extraction from label references (HO)
)
(D:\LaTex\tex/generic/gettitlestring\gettitlestring.sty
Package: gettitlestring 2019/12/15 v1.6 Cleanup title references (HO)

(D:\LaTex\tex/latex/kvoptions\kvoptions.sty
Package: kvoptions 2022-06-15 v3.15 Key value format for package options (HO)
))
\c@section@level=\count280
)
(D:\LaTex\tex/latex/etoolbox\etoolbox.sty
Package: etoolbox 2020/10/05 v2.5k e-TeX tools for LaTeX (JAW)
\etb@tempcnta=\count281
)
\@linkdim=\dimen155
\Hy@linkcounter=\count282
\Hy@pagecounter=\count283

(D:\LaTex\tex/latex/hyperref\pd1enc.def
File: pd1enc.def 2023-11-26 v7.01g Hyperref: PDFDocEncoding definition (HO)
)
(D:\LaTex\tex/generic/intcalc\intcalc.sty
Package: intcalc 2019/12/15 v1.3 Expandable calculations with integers (HO)
)
\Hy@SavedSpaceFactor=\count284

(D:\LaTex\tex/latex/hyperref\puenc.def
File: puenc.def 2023-11-26 v7.01g Hyperref: PDF Unicode definition (HO)
)
Package hyperref Info: Hyper figures OFF on input line 4181.
Package hyperref Info: Link nesting OFF on input line 4186.
Package hyperref Info: Hyper index ON on input line 4189.
Package hyperref Info: Plain pages OFF on input line 4196.
Package hyperref Info: Backreferencing OFF on input line 4201.
Package hyperref Info: Implicit mode ON; LaTeX internals redefined.
Package hyperref Info: Bookmarks ON on input line 4448.
\c@Hy@tempcnt=\count285
 (D:\LaTex\tex/latex/url\url.sty
\Urlmuskip=\muskip16
Package: url 2013/09/16  ver 3.4  Verb mode for urls, etc.
)
LaTeX Info: Redefining \url on input line 4786.
\XeTeXLinkMargin=\dimen156
Requested font "pzdr" at 0.00002pt

(D:\LaTex\tex/generic/bitset\bitset.sty
Package: bitset 2019/12/09 v1.3 Handle bit-vector datatype (HO)

(D:\LaTex\tex/generic/bigintcalc\bigintcalc.sty
Package: bigintcalc 2019/12/15 v1.5 Expandable calculations on big integers (HO
)
))
\Fld@menulength=\count286
\Field@Width=\dimen157
\Fld@charsize=\dimen158
Package hyperref Info: Hyper figures OFF on input line 6065.
Package hyperref Info: Link nesting OFF on input line 6070.
Package hyperref Info: Hyper index ON on input line 6073.
Package hyperref Info: backreferencing OFF on input line 6080.
Package hyperref Info: Link coloring OFF on input line 6085.
Package hyperref Info: Link coloring with OCG OFF on input line 6090.
Package hyperref Info: PDF/A mode OFF on input line 6095.

(D:\LaTex\tex/latex/base\atbegshi-ltx.sty
Package: atbegshi-ltx 2021/01/10 v1.0c Emulation of the original atbegshi
package with kernel methods
)
\Hy@abspage=\count287
\c@Item=\count288
\c@Hfootnote=\count289
)
Package hyperref Info: Driver (autodetected): hxetex.

(D:\LaTex\tex/latex/hyperref\hxetex.def
File: hxetex.def 2023-11-26 v7.01g Hyperref driver for XeTeX

(D:\LaTex\tex/generic/stringenc\stringenc.sty
Package: stringenc 2019/11/29 v1.12 Convert strings between diff. encodings (HO
)
)
\pdfm@box=\box53
\c@Hy@AnnotLevel=\count290
\HyField@AnnotCount=\count291
\Fld@listcount=\count292
\c@bookmark@seq@number=\count293

(D:\LaTex\tex/latex/rerunfilecheck\rerunfilecheck.sty
Package: rerunfilecheck 2022-07-10 v1.10 Rerun checks for auxiliary files (HO)

(D:\LaTex\tex/latex/base\atveryend-ltx.sty
Package: atveryend-ltx 2020/08/19 v1.0a Emulation of the original atveryend pac
kage
with kernel methods
)
(D:\LaTex\tex/generic/uniquecounter\uniquecounter.sty
Package: uniquecounter 2019/12/15 v1.4 Provide unlimited unique counter (HO)
)
Package uniquecounter Info: New unique counter `rerunfilecheck' on input line 2
85.
)
\Hy@SectionHShift=\skip91
)
(D:\LaTex\tex/latex/xcolor\xcolor.sty
Package: xcolor 2023/11/15 v3.01 LaTeX color extensions (UK)

(D:\LaTex\tex/latex/graphics-cfg\color.cfg
File: color.cfg 2016/01/02 v1.6 sample color configuration
)

Package xcolor Warning: Package option `usenames' is obsolete and ignored on in
put line 266.

Package xcolor Info: Driver file: xetex.def on input line 274.
(D:\LaTex\tex/latex/graphics\mathcolor.ltx)
Package xcolor Info: Model `cmy' substituted by `cmy0' on input line 1350.
Package xcolor Info: Model `RGB' extended on input line 1366.
Package xcolor Info: Model `HTML' substituted by `rgb' on input line 1368.
Package xcolor Info: Model `Hsb' substituted by `hsb' on input line 1369.
Package xcolor Info: Model `tHsb' substituted by `hsb' on input line 1370.
Package xcolor Info: Model `HSB' substituted by `hsb' on input line 1371.
Package xcolor Info: Model `Gray' substituted by `gray' on input line 1372.
Package xcolor Info: Model `wave' substituted by `hsb' on input line 1373.
)
(D:\LaTex\tex/latex/graphics\dvipsnam.def
File: dvipsnam.def 2016/06/17 v3.0m Driver-dependent file (DPC,SPQR)
)
(D:\LaTex\tex/latex/xcolor\svgnam.def
File: svgnam.def 2023/11/15 v3.01 Predefined colors according to SVG 1.1 (UK)
)
(D:\LaTex\tex/latex/colortbl\colortbl.sty
Package: colortbl 2024/02/20 v1.0g Color table columns (DPC)
 (D:\LaTex\tex/latex/tools\array.sty
Package: array 2023/10/16 v2.5g Tabular extension package (FMi)
\col@sep=\dimen159
\ar@mcellbox=\box54
\extrarowheight=\dimen160
\NC@list=\toks22
\extratabsurround=\skip92
\backup@length=\skip93
\ar@cellbox=\box55
)
\everycr=\toks23
\minrowclearance=\skip94
\rownum=\count294
)
Package hyperref Info: Option `unicode' set `true' on input line 42.
Package hyperref Info: Option `colorlinks' set `true' on input line 42.
(D:\LaTex\tex/latex/tools\tabularx.sty
Package: tabularx 2023/07/08 v2.11c `tabularx' package (DPC)
\TX@col@width=\dimen161
\TX@old@table=\dimen162
\TX@old@col=\dimen163
\TX@target=\dimen164
\TX@delta=\dimen165
\TX@cols=\count295
\TX@ftn=\toks24
)
(D:\LaTex\tex/latex/tabulary\tabulary.sty
Package: tabulary 2014/06/11 v0.10 tabulary package (DPC)
\TY@count=\count296
\TY@linewidth=\dimen166
\tymin=\dimen167
\tymax=\dimen168
\TY@tablewidth=\dimen169
)
(D:\LaTex\tex/latex/booktabs\booktabs.sty
Package: booktabs 2020/01/12 v1.61803398 Publication quality tables
\heavyrulewidth=\dimen170
\lightrulewidth=\dimen171
\cmidrulewidth=\dimen172
\belowrulesep=\dimen173
\belowbottomsep=\dimen174
\aboverulesep=\dimen175
\abovetopsep=\dimen176
\cmidrulesep=\dimen177
\cmidrulekern=\dimen178
\defaultaddspace=\dimen179
\@cmidla=\count297
\@cmidlb=\count298
\@aboverulesep=\dimen180
\@belowrulesep=\dimen181
\@thisruleclass=\count299
\@lastruleclass=\count300
\@thisrulewidth=\dimen182
)
(D:\LaTex\tex/latex/tools\longtable.sty
Package: longtable 2023-11-01 v4.19 Multi-page Table package (DPC)
\LTleft=\skip95
\LTright=\skip96
\LTpre=\skip97
\LTpost=\skip98
\LTchunksize=\count301
\LTcapwidth=\dimen183
\LT@head=\box56
\LT@firsthead=\box57
\LT@foot=\box58
\LT@lastfoot=\box59
\LT@gbox=\box60
\LT@cols=\count302
\LT@rows=\count303
\c@LT@tables=\count304
\c@LT@chunks=\count305
\LT@p@ftn=\toks25
)
(D:\LaTex\tex/latex/multirow\multirow.sty
Package: multirow 2021/03/15 v2.8 Span multiple rows of a table
\multirow@colwidth=\skip99
\multirow@cntb=\count306
\multirow@dima=\skip100
\bigstrutjot=\dimen184
)
(D:\LaTex\tex/latex/amscls\amsthm.sty
Package: amsthm 2020/05/29 v2.20.6
\thm@style=\toks26
\thm@bodyfont=\toks27
\thm@headfont=\toks28
\thm@notefont=\toks29
\thm@headpunct=\toks30
\thm@preskip=\skip101
\thm@postskip=\skip102
\thm@headsep=\skip103
\dth@everypar=\toks31
)
\c@newword=\count307
\c@newgraphem=\count308
 (D:\LaTex\tex/latex/titlesec\titleps.sty
Package: titleps 2023/10/27 v2.16 Page styles
)) (D:\LaTex\tex/xelatex/xecjk\xeCJK.sty
Package: xeCJK 2022/08/05 v3.9.1 Typesetting CJK scripts with XeLaTeX
 (D:\LaTex\tex/latex/ctex\ctexhook.sty
Package: ctexhook 2022/07/14 v2.5.10 Document and package hooks (CTEX)
Requested font "cmr10" at 0.00035pt
) (D:\LaTex\tex/latex/l3packages/xtemplate\xtemplate.sty
Package: xtemplate 2023-10-10 L3 Experimental prototype document functions
\l__xtemplate_tmp_dim=\dimen185
\l__xtemplate_tmp_int=\count309
\l__xtemplate_tmp_muskip=\muskip17
\l__xtemplate_tmp_skip=\skip104
)
\l__xeCJK_tmp_int=\count310
\l__xeCJK_tmp_box=\box61
\l__xeCJK_tmp_dim=\dimen186
\l__xeCJK_tmp_skip=\skip105
\g__xeCJK_space_factor_int=\count311
\l__xeCJK_begin_int=\count312
\l__xeCJK_end_int=\count313
\c__xeCJK_CJK_class_int=\XeTeXcharclass1
\c__xeCJK_FullLeft_class_int=\XeTeXcharclass2
\c__xeCJK_FullRight_class_int=\XeTeXcharclass3
\c__xeCJK_HalfLeft_class_int=\XeTeXcharclass4
\c__xeCJK_HalfRight_class_int=\XeTeXcharclass5
\c__xeCJK_NormalSpace_class_int=\XeTeXcharclass6
\c__xeCJK_CM_class_int=\XeTeXcharclass7
\c__xeCJK_HangulJamo_class_int=\XeTeXcharclass8
\l__xeCJK_last_skip=\skip106
\c__xeCJK_none_node=\count314
\g__xeCJK_node_int=\count315
\c__xeCJK_CJK_node_dim=\dimen187
\c__xeCJK_CJK-space_node_dim=\dimen188
\c__xeCJK_default_node_dim=\dimen189
\c__xeCJK_CJK-widow_node_dim=\dimen190
\c__xeCJK_normalspace_node_dim=\dimen191
\c__xeCJK_default-space_node_skip=\skip107
\l__xeCJK_ccglue_skip=\skip108
\l__xeCJK_ecglue_skip=\skip109
\l__xeCJK_punct_kern_skip=\skip110
\l__xeCJK_indent_box=\box62
\l__xeCJK_last_penalty_int=\count316
\l__xeCJK_last_bound_dim=\dimen192
\l__xeCJK_last_kern_dim=\dimen193
\l__xeCJK_widow_penalty_int=\count317

Package xtemplate Info: Declaring object type 'xeCJK/punctuation' taking 0
(xtemplate)             argument(s) on line 2396.

\l__xeCJK_fixed_punct_width_dim=\dimen194
\l__xeCJK_mixed_punct_width_dim=\dimen195
\l__xeCJK_middle_punct_width_dim=\dimen196
\l__xeCJK_fixed_margin_width_dim=\dimen197
\l__xeCJK_mixed_margin_width_dim=\dimen198
\l__xeCJK_middle_margin_width_dim=\dimen199
\l__xeCJK_bound_punct_width_dim=\dimen256
\l__xeCJK_bound_margin_width_dim=\dimen257
\l__xeCJK_margin_minimum_dim=\dimen258
\l__xeCJK_kerning_total_width_dim=\dimen259
\l__xeCJK_same_align_margin_dim=\dimen260
\l__xeCJK_different_align_margin_dim=\dimen261
\l__xeCJK_kerning_margin_width_dim=\dimen262
\l__xeCJK_kerning_margin_minimum_dim=\dimen263
\l__xeCJK_bound_dim=\dimen264
\l__xeCJK_reverse_bound_dim=\dimen265
\l__xeCJK_margin_dim=\dimen266
\l__xeCJK_minimum_bound_dim=\dimen267
\l__xeCJK_kerning_margin_dim=\dimen268
\g__xeCJK_family_int=\count318
\l__xeCJK_fam_int=\count319
\g__xeCJK_fam_allocation_int=\count320
\l__xeCJK_verb_case_int=\count321
\l__xeCJK_verb_exspace_skip=\skip111

(D:\LaTex\tex/xelatex/xecjk\xeCJK.cfg
File: xeCJK.cfg 2022/08/05 v3.9.1 Configuration file for xeCJK package
))

Package xeCJK Warning: Fandol is being set as the default font for CJK text.
(xeCJK)                Please make sure it has been properly installed.

Requested font "[FandolSong-Regular.otf]/OT" at 9.99997pt
 -> D:/LaTex/fonts/opentype/public/fandol/FandolSong-Regular.otf
Requested font "[FandolSong-Regular.otf]/OT" at 10.00003pt
 -> D:/LaTex/fonts/opentype/public/fandol/FandolSong-Regular.otf

Package fontspec Warning: Font "FandolSong-Regular" does not contain requested
(fontspec)                Script "CJK".

Requested font "[FandolSong-Regular.otf]/OT:language=dflt;" at 10.00003pt
 -> D:/LaTex/fonts/opentype/public/fandol/FandolSong-Regular.otf
Requested font "[FandolSong-Bold.otf]/OT:language=dflt;" at 10.00003pt
 -> D:/LaTex/fonts/opentype/public/fandol/FandolSong-Bold.otf
Requested font "[FandolKai-Regular.otf]/OT:language=dflt;" at 10.00003pt
 -> D:/LaTex/fonts/opentype/public/fandol/FandolKai-Regular.otf

Package fontspec Info: Font family 'FandolSong-Regular(0)' created for font
(fontspec)             'FandolSong-Regular' with options
(fontspec)             [Script={CJK},Extension={.otf},BoldFont={FandolSong-Bold
},ItalicFont={FandolKai-Regular}].
(fontspec)              
(fontspec)              This font family consists of the following NFSS
(fontspec)             series/shapes:
(fontspec)              
(fontspec)             - 'normal' (m/n) with NFSS spec.:
(fontspec)             <->"[FandolSong-Regular.otf]/OT:language=dflt;"
(fontspec)             - 'small caps'  (m/sc) with NFSS spec.: 
(fontspec)             - 'bold' (b/n) with NFSS spec.:
(fontspec)             <->"[FandolSong-Bold.otf]/OT:language=dflt;"
(fontspec)             - 'bold small caps'  (b/sc) with NFSS spec.: 
(fontspec)             - 'italic' (m/it) with NFSS spec.:
(fontspec)             <->"[FandolKai-Regular.otf]/OT:language=dflt;"
(fontspec)             - 'italic small caps'  (m/scit) with NFSS spec.: 

(Chinese.aux)
\openout1 = `Chinese.aux'.

LaTeX Font Info:    Checking defaults for OML/cmm/m/it on input line 4.
LaTeX Font Info:    ... okay on input line 4.
LaTeX Font Info:    Checking defaults for OMS/cmsy/m/n on input line 4.
LaTeX Font Info:    ... okay on input line 4.
LaTeX Font Info:    Checking defaults for OT1/cmr/m/n on input line 4.
LaTeX Font Info:    ... okay on input line 4.
LaTeX Font Info:    Checking defaults for T1/cmr/m/n on input line 4.
LaTeX Font Info:    ... okay on input line 4.
LaTeX Font Info:    Checking defaults for TS1/cmr/m/n on input line 4.
LaTeX Font Info:    Trying to load font information for TS1+cmr on input line 4
.
 (D:\LaTex\tex/latex/base\ts1cmr.fd
File: ts1cmr.fd 2023/04/13 v2.5m Standard LaTeX font definitions
)
LaTeX Font Info:    ... okay on input line 4.
LaTeX Font Info:    Checking defaults for TU/lmr/m/n on input line 4.
LaTeX Font Info:    ... okay on input line 4.
LaTeX Font Info:    Checking defaults for OMX/cmex/m/n on input line 4.
LaTeX Font Info:    ... okay on input line 4.
LaTeX Font Info:    Checking defaults for U/cmr/m/n on input line 4.
LaTeX Font Info:    ... okay on input line 4.
LaTeX Font Info:    Checking defaults for PD1/pdf/m/n on input line 4.
LaTeX Font Info:    ... okay on input line 4.
LaTeX Font Info:    Checking defaults for PU/pdf/m/n on input line 4.
LaTeX Font Info:    ... okay on input line 4.

*geometry* driver: auto-detecting
*geometry* detected driver: xetex
*geometry* verbose mode - [ preamble ] result:
* driver: xetex
* paper: <default>
* layout: <same size as paper>
* layoutoffset:(h,v)=(0.0pt,0.0pt)
* modes: 
* h-part:(L,W,R)=(56.9055pt, 500.484pt, 56.9055pt)
* v-part:(T,H,B)=(142.26378pt, 624.25346pt, 28.45274pt)
* \paperwidth=614.295pt
* \paperheight=794.96999pt
* \textwidth=500.484pt
* \textheight=624.25346pt
* \oddsidemargin=-15.36449pt
* \evensidemargin=-15.36449pt
* \topmargin=39.99379pt
* \headheight=12.0pt
* \headsep=18.0pt
* \topskip=10.0pt
* \footskip=40.0pt
* \marginparwidth=0.0pt
* \marginparsep=0.0pt
* \columnsep=10.0pt
* \skip\footins=9.0pt plus 4.0pt minus 2.0pt
* \hoffset=0.0pt
* \voffset=-72.26999pt
* \mag=1000
* \@twocolumnfalse
* \@twosidefalse
* \@mparswitchfalse
* \@reversemarginfalse
* (1in=72.27pt=25.4mm, 1cm=28.453pt)


Package fontspec Info: Adjusting the maths setup (use [no-math] to avoid
(fontspec)             this).

\symlegacymaths=\mathgroup4
LaTeX Font Info:    Overwriting symbol font `legacymaths' in version `bold'
(Font)                  OT1/cmr/m/n --> OT1/cmr/bx/n on input line 4.
LaTeX Font Info:    Redeclaring math accent \acute on input line 4.
LaTeX Font Info:    Redeclaring math accent \grave on input line 4.
LaTeX Font Info:    Redeclaring math accent \ddot on input line 4.
LaTeX Font Info:    Redeclaring math accent \tilde on input line 4.
LaTeX Font Info:    Redeclaring math accent \bar on input line 4.
LaTeX Font Info:    Redeclaring math accent \breve on input line 4.
LaTeX Font Info:    Redeclaring math accent \check on input line 4.
LaTeX Font Info:    Redeclaring math accent \hat on input line 4.
LaTeX Font Info:    Redeclaring math accent \dot on input line 4.
LaTeX Font Info:    Redeclaring math accent \mathring on input line 4.
LaTeX Font Info:    Redeclaring math symbol \colon on input line 4.
LaTeX Font Info:    Redeclaring math symbol \Gamma on input line 4.
LaTeX Font Info:    Redeclaring math symbol \Delta on input line 4.
LaTeX Font Info:    Redeclaring math symbol \Theta on input line 4.
LaTeX Font Info:    Redeclaring math symbol \Lambda on input line 4.
LaTeX Font Info:    Redeclaring math symbol \Xi on input line 4.
LaTeX Font Info:    Redeclaring math symbol \Pi on input line 4.
LaTeX Font Info:    Redeclaring math symbol \Sigma on input line 4.
LaTeX Font Info:    Redeclaring math symbol \Upsilon on input line 4.
LaTeX Font Info:    Redeclaring math symbol \Phi on input line 4.
LaTeX Font Info:    Redeclaring math symbol \Psi on input line 4.
LaTeX Font Info:    Redeclaring math symbol \Omega on input line 4.
LaTeX Font Info:    Redeclaring math symbol \mathdollar on input line 4.
LaTeX Font Info:    Redeclaring symbol font `operators' on input line 4.
LaTeX Font Info:    Encoding `OT1' has changed to `TU' for symbol font
(Font)              `operators' in the math version `normal' on input line 4.
LaTeX Font Info:    Overwriting symbol font `operators' in version `normal'
(Font)                  OT1/cmr/m/n --> TU/DroidSerif(0)/m/n on input line 4.
LaTeX Font Info:    Encoding `OT1' has changed to `TU' for symbol font
(Font)              `operators' in the math version `bold' on input line 4.
LaTeX Font Info:    Overwriting symbol font `operators' in version `bold'
(Font)                  OT1/cmr/bx/n --> TU/DroidSerif(0)/m/n on input line 4.
LaTeX Font Info:    Overwriting symbol font `operators' in version `normal'
(Font)                  TU/DroidSerif(0)/m/n --> TU/DroidSerif(0)/m/n on input 
line 4.
LaTeX Font Info:    Overwriting math alphabet `\mathit' in version `normal'
(Font)                  OT1/cmr/m/it --> TU/DroidSerif(0)/m/it on input line 4.

LaTeX Font Info:    Overwriting math alphabet `\mathbf' in version `normal'
(Font)                  OT1/cmr/bx/n --> TU/DroidSerif(0)/b/n on input line 4.
LaTeX Font Info:    Overwriting math alphabet `\mathsf' in version `normal'
(Font)                  OT1/cmss/m/n --> TU/DroidSans(0)/m/n on input line 4.
LaTeX Font Info:    Overwriting math alphabet `\mathtt' in version `normal'
(Font)                  OT1/cmtt/m/n --> TU/lmtt/m/n on input line 4.
LaTeX Font Info:    Overwriting symbol font `operators' in version `bold'
(Font)                  TU/DroidSerif(0)/m/n --> TU/DroidSerif(0)/b/n on input 
line 4.
LaTeX Font Info:    Overwriting math alphabet `\mathit' in version `bold'
(Font)                  OT1/cmr/bx/it --> TU/DroidSerif(0)/b/it on input line 4
.
LaTeX Font Info:    Overwriting math alphabet `\mathsf' in version `bold'
(Font)                  OT1/cmss/bx/n --> TU/DroidSans(0)/b/n on input line 4.
LaTeX Font Info:    Overwriting math alphabet `\mathtt' in version `bold'
(Font)                  OT1/cmtt/m/n --> TU/lmtt/b/n on input line 4.
Package hyperref Info: Link coloring ON on input line 4.
(Chinese.out) (Chinese.out)
\@outlinefile=\write3
\openout3 = `Chinese.out'.

 (title_page.tex
LaTeX Font Info:    Font shape `TU/DroidSerif(0)/b/n' will be
(Font)              scaled to size 10.0pt on input line 5.
Requested font "[DroidSerif-Bold.ttf]/OT:script=latn;language=dflt;mapping=tex-
text;" at 10.0pt
 -> D:/LaTex/fonts/truetype/ascender/droid/droidserif/DroidSerif-Bold.ttf
LaTeX Font Info:    Font shape `TU/DroidSerif(0)/m/it' will be
(Font)              scaled to size 10.0pt on input line 13.
Requested font "[DroidSerif-Italic.ttf]/OT:script=latn;language=dflt;mapping=te
x-text;" at 10.0pt
 -> D:/LaTex/fonts/truetype/ascender/droid/droidserif/DroidSerif-Italic.ttf
File: images/logo_ltc.png Graphic file (type bmp)
<images/logo_ltc.png>
 [1


])
LaTeX Font Info:    Font shape `TU/DroidSerif(0)/m/n' will be
(Font)              scaled to size 14.4pt on input line 8.
Requested font "[DroidSerif-Regular.ttf]/OT:script=latn;language=dflt;mapping=t
ex-text;" at 14.4pt
 -> D:/LaTex/fonts/truetype/ascender/droid/droidserif/DroidSerif-Regular.ttf
LaTeX Font Info:    Font shape `TU/DroidSerif(0)/b/n' will be
(Font)              scaled to size 14.4pt on input line 8.
Requested font "[DroidSerif-Bold.ttf]/OT:script=latn;language=dflt;mapping=tex-
text;" at 14.4pt
 -> D:/LaTex/fonts/truetype/ascender/droid/droidserif/DroidSerif-Bold.ttf
 (Chinese.toc
LaTeX Font Info:    Font shape `TU/DroidSerif(0)/m/n' will be
(Font)              scaled to size 7.0pt on input line 1.
Requested font "[DroidSerif-Regular.ttf]/OT:script=latn;language=dflt;mapping=t
ex-text;" at 7.0pt
 -> D:/LaTex/fonts/truetype/ascender/droid/droidserif/DroidSerif-Regular.ttf
LaTeX Font Info:    Font shape `TU/DroidSerif(0)/m/n' will be
(Font)              scaled to size 5.0pt on input line 1.
Requested font "[DroidSerif-Regular.ttf]/OT:script=latn;language=dflt;mapping=t
ex-text;" at 5.0pt
 -> D:/LaTex/fonts/truetype/ascender/droid/droidserif/DroidSerif-Regular.ttf
LaTeX Font Info:    External font `cmex10' loaded for size
(Font)              <7> on input line 1.
LaTeX Font Info:    External font `cmex10' loaded for size
(Font)              <5> on input line 1.
)
\tf@toc=\write4
\openout4 = `Chinese.toc'.

 [1]
(sections/links.tex) [2] (sections/Basics/Strokes.tex
LaTeX Font Info:    Font shape `TU/DroidSerif(0)/m/n' will be
(Font)              scaled to size 12.0pt on input line 2.
Requested font "[DroidSerif-Regular.ttf]/OT:script=latn;language=dflt;mapping=t
ex-text;" at 12.0pt
 -> D:/LaTex/fonts/truetype/ascender/droid/droidserif/DroidSerif-Regular.ttf
LaTeX Font Info:    Font shape `TU/DroidSerif(0)/b/n' will be
(Font)              scaled to size 12.0pt on input line 2.
Requested font "[DroidSerif-Bold.ttf]/OT:script=latn;language=dflt;mapping=tex-
text;" at 12.0pt
 -> D:/LaTex/fonts/truetype/ascender/droid/droidserif/DroidSerif-Bold.ttf
File: images/strokes1.jpg Graphic file (type bmp)
<images/strokes1.jpg>
File: images/strokes2.jpg Graphic file (type bmp)
<images/strokes2.jpg>
)
(sections/Basics/Graphemes.tex [3]
LaTeX Font Info:    Font shape `TU/DroidSerif(0)/m/n' will be
(Font)              scaled to size 17.28pt on input line 3.
Requested font "[DroidSerif-Regular.ttf]/OT:script=latn;language=dflt;mapping=t
ex-text;" at 17.28pt
 -> D:/LaTex/fonts/truetype/ascender/droid/droidserif/DroidSerif-Regular.ttf
Requested font "[FandolSong-Regular.otf]/OT:language=dflt;" at 17.28pt
 -> D:/LaTex/fonts/opentype/public/fandol/FandolSong-Regular.otf
 [4] [5]) (sections/Grammar.tex [6]
Underfull \hbox (badness 10000) in paragraph at lines 5--7

 []

Requested font "[FandolSong-Regular.otf]/OT:language=dflt;" at 12.0pt
 -> D:/LaTex/fonts/opentype/public/fandol/FandolSong-Regular.otf
LaTeX Font Info:    Font shape `TU/DroidSerif(0)/m/it' will be
(Font)              scaled to size 12.0pt on input line 11.
Requested font "[DroidSerif-Italic.ttf]/OT:script=latn;language=dflt;mapping=te
x-text;" at 12.0pt
 -> D:/LaTex/fonts/truetype/ascender/droid/droidserif/DroidSerif-Italic.ttf
LaTeX Font Info:    Font shape `TU/DroidSerif(0)/m/it' will be
(Font)              scaled to size 17.28pt on input line 12.
Requested font "[DroidSerif-Italic.ttf]/OT:script=latn;language=dflt;mapping=te
x-text;" at 17.28pt
 -> D:/LaTex/fonts/truetype/ascender/droid/droidserif/DroidSerif-Italic.ttf
Requested font "[FandolKai-Regular.otf]/OT:language=dflt;" at 17.28pt
 -> D:/LaTex/fonts/opentype/public/fandol/FandolKai-Regular.otf
) (sections/lessons/lesson13.tex [7]
LaTeX Font Info:    Font shape `TU/DroidSerif(0)/b/n' will be
(Font)              scaled to size 17.28pt on input line 6.
Requested font "[DroidSerif-Bold.ttf]/OT:script=latn;language=dflt;mapping=tex-
text;" at 17.28pt
 -> D:/LaTex/fonts/truetype/ascender/droid/droidserif/DroidSerif-Bold.ttf
 [8]
Requested font "[FandolSong-Bold.otf]/OT:language=dflt;" at 17.28pt
 -> D:/LaTex/fonts/opentype/public/fandol/FandolSong-Bold.otf
) (sections/lessons/lesson14.tex)
[9] [10] (Chinese.aux)
 ***********
LaTeX2e <2023-11-01> patch level 1
L3 programming layer <2022/08/05>
 ***********
Package rerunfilecheck Info: File `Chinese.out' has not changed.
(rerunfilecheck)             Checksum: D3976DE3B8ADE35AB8C8DF0285EC7E1E;1387.
 ) 
Here is how much of TeX's memory you used:
 15733 strings out of 409616
 321848 string characters out of 5781299
 1971191 words of memory out of 5000000
 37589 multiletter control sequences out of 15000+600000
 559251 words of font info for 72 fonts, out of 8000000 for 9000
 1348 hyphenation exceptions out of 8191
 99i,7n,110p,546b,567s stack positions out of 10000i,1000n,20000p,200000b,200000s

Output written on Chinese.pdf (11 pages).
